0 info it worked if it ends with ok
1 verbose cli [ '/usr/local/bin/node', '/usr/local/bin/npm', 'run', 'test' ]
2 info using npm@3.10.10
3 info using node@v6.11.1
4 verbose run-script [ 'pretest', 'test', 'posttest' ]
5 info lifecycle givesource@0.0.1~pretest: givesource@0.0.1
6 silly lifecycle givesource@0.0.1~pretest: no script for pretest, continuing
7 info lifecycle givesource@0.0.1~test: givesource@0.0.1
8 verbose lifecycle givesource@0.0.1~test: unsafe-perm in lifecycle true
9 verbose lifecycle givesource@0.0.1~test: PATH: /usr/local/lib/node_modules/npm/bin/node-gyp-bin:/Users/andrezza.lemos/Projects/givesource/node_modules/.bin:/Library/Frameworks/Python.framework/Versions/3.6/bin:/Library/Frameworks/Python.framework/Versions/3.6/bin:/Users/andrezza.lemos/.local/bin:/Users/andrezza.lemos/Library/Python/2.7/bin:/usr/local/bin:/usr/bin:/bin:/usr/sbin:/sbin:/usr/local/munki
10 verbose lifecycle givesource@0.0.1~test: CWD: /Users/andrezza.lemos/Projects/givesource
11 silly lifecycle givesource@0.0.1~test: Args: [ '-c', 'cd packages/lambda && npm run test' ]
12 silly lifecycle givesource@0.0.1~test: Returned: code: 1  signal: null
13 info lifecycle givesource@0.0.1~test: Failed to exec test script
14 verbose stack Error: givesource@0.0.1 test: `cd packages/lambda && npm run test`
14 verbose stack Exit status 1
14 verbose stack     at EventEmitter.<anonymous> (/usr/local/lib/node_modules/npm/lib/utils/lifecycle.js:255:16)
14 verbose stack     at emitTwo (events.js:106:13)
14 verbose stack     at EventEmitter.emit (events.js:191:7)
14 verbose stack     at ChildProcess.<anonymous> (/usr/local/lib/node_modules/npm/lib/utils/spawn.js:40:14)
14 verbose stack     at emitTwo (events.js:106:13)
14 verbose stack     at ChildProcess.emit (events.js:191:7)
14 verbose stack     at maybeClose (internal/child_process.js:891:16)
14 verbose stack     at Process.ChildProcess._handle.onexit (internal/child_process.js:226:5)
15 verbose pkgid givesource@0.0.1
16 verbose cwd /Users/andrezza.lemos/Projects/givesource
17 error Darwin 16.6.0
18 error argv "/usr/local/bin/node" "/usr/local/bin/npm" "run" "test"
19 error node v6.11.1
20 error npm  v3.10.10
21 error code ELIFECYCLE
22 error givesource@0.0.1 test: `cd packages/lambda && npm run test`
22 error Exit status 1
23 error Failed at the givesource@0.0.1 test script 'cd packages/lambda && npm run test'.
23 error Make sure you have the latest version of node.js and npm installed.
23 error If you do, this is most likely a problem with the givesource package,
23 error not with npm itself.
23 error Tell the author that this fails on your system:
23 error     cd packages/lambda && npm run test
23 error You can get information on how to open an issue for this project with:
23 error     npm bugs givesource
23 error Or if that isn't available, you can get their info via:
23 error     npm owner ls givesource
23 error There is likely additional logging output above.
24 verbose exit [ 1, true ]
